{
  "stats": {
    "suites": 22,
    "tests": 69,
    "passes": 69,
    "pending": 0,
    "failures": 0,
    "start": "2022-06-09T11:01:37.852Z",
    "end": "2022-06-09T11:02:15.721Z",
    "duration": 37869,
    "testsRegistered": 69,
    "passPercent": 100,
    "pendingPercent": 0,
    "other": 0,
    "hasOther": false,
    "skipped": 0,
    "hasSkipped": false
  },
  "results": [
    {
      "uuid": "a4f0ee4a-1841-41a1-b941-e29c2c0cacca",
      "title": "",
      "fullFile": "cypress/integration/project.spec.js",
      "file": "cypress/integration/project.spec.js",
      "beforeHooks": [],
      "afterHooks": [],
      "tests": [],
      "suites": [
        {
          "uuid": "a8b05982-00db-4bb5-bc57-be7c5c501d75",
          "title": "Trybewarts",
          "fullFile": "",
          "file": "",
          "beforeHooks": [],
          "afterHooks": [],
          "tests": [],
          "suites": [
            {
              "uuid": "d2d7c5f2-b073-4f67-bf45-e7805f9bb744",
              "title": "1 - Crie uma barra verde na parte superior da página",
              "fullFile": "",
              "file": "",
              "beforeHooks": [],
              "afterHooks": [],
              "tests": [
                {
                  "title": "A barra possui a classe `header`",
                  "fullTitle": "Trybewarts 1 - Crie uma barra verde na parte superior da página A barra possui a classe `header`",
                  "timedOut": null,
                  "duration": 345,
                  "state": "passed",
                  "speed": "fast",
                  "pass": true,
                  "fail": false,
                  "pending": false,
                  "context": null,
                  "code": "cy.get(TOP_BAR_SELECTOR).should('exist');",
                  "err": {},
                  "uuid": "74042e66-f1a5-4baa-ab5c-ad88ac1b597b",
                  "parentUUID": "d2d7c5f2-b073-4f67-bf45-e7805f9bb744",
                  "isHook": false,
                  "skipped": false
                },
                {
                  "title": "A classe `header` deve determinar que o elemento é um flex container",
                  "fullTitle": "Trybewarts 1 - Crie uma barra verde na parte superior da página A classe `header` deve determinar que o elemento é um flex container",
                  "timedOut": null,
                  "duration": 119,
                  "state": "passed",
                  "speed": "fast",
                  "pass": true,
                  "fail": false,
                  "pending": false,
                  "context": null,
                  "code": "cy.get(TOP_BAR_SELECTOR).should('have.css', 'display', 'flex');",
                  "err": {},
                  "uuid": "899ef52d-8364-45c0-9261-7686696c2108",
                  "parentUUID": "d2d7c5f2-b073-4f67-bf45-e7805f9bb744",
                  "isHook": false,
                  "skipped": false
                },
                {
                  "title": "A classe header deve possuir a propriedade `background-color: rgb(50, 167, 145)`",
                  "fullTitle": "Trybewarts 1 - Crie uma barra verde na parte superior da página A classe header deve possuir a propriedade `background-color: rgb(50, 167, 145)`",
                  "timedOut": null,
                  "duration": 143,
                  "state": "passed",
                  "speed": "fast",
                  "pass": true,
                  "fail": false,
                  "pending": false,
                  "context": null,
                  "code": "cy.get(TOP_BAR_SELECTOR).should('have.css', 'background-color', 'rgb(50, 167, 145)');",
                  "err": {},
                  "uuid": "2d7c3d81-9db0-42ec-85fb-4677fd0fc747",
                  "parentUUID": "d2d7c5f2-b073-4f67-bf45-e7805f9bb744",
                  "isHook": false,
                  "skipped": false
                }
              ],
              "suites": [],
              "passes": [
                "74042e66-f1a5-4baa-ab5c-ad88ac1b597b",
                "899ef52d-8364-45c0-9261-7686696c2108",
                "2d7c3d81-9db0-42ec-85fb-4677fd0fc747"
              ],
              "failures": [],
              "pending": [],
              "skipped": [],
              "duration": 607,
              "root": false,
              "rootEmpty": false,
              "_timeout": 2000
            },
            {
              "uuid": "e4fba5a4-f55c-45d5-bcc8-a65156d37c1d",
              "title": "2 - Adicione o logotipo da Trybewarts com a classe `trybewarts-header-logo` na barra superior",
              "fullFile": "",
              "file": "",
              "beforeHooks": [],
              "afterHooks": [],
              "tests": [
                {
                  "title": "Existe um elemento img com a classe `trybewarts-header-logo`",
                  "fullTitle": "Trybewarts 2 - Adicione o logotipo da Trybewarts com a classe `trybewarts-header-logo` na barra superior Existe um elemento img com a classe `trybewarts-header-logo`",
                  "timedOut": null,
                  "duration": 141,
                  "state": "passed",
                  "speed": "fast",
                  "pass": true,
                  "fail": false,
                  "pending": false,
                  "context": null,
                  "code": "cy.get(TRYBEWARTS_LOGO_SELECTOR).should('exist');",
                  "err": {},
                  "uuid": "9ff47375-7e1d-4f8e-bef8-8c74ab4c625e",
                  "parentUUID": "e4fba5a4-f55c-45d5-bcc8-a65156d37c1d",
                  "isHook": false,
                  "skipped": false
                },
                {
                  "title": "O atributo src do logotipo aponta para images/trybewarts-header-logo.svg",
                  "fullTitle": "Trybewarts 2 - Adicione o logotipo da Trybewarts com a classe `trybewarts-header-logo` na barra superior O atributo src do logotipo aponta para images/trybewarts-header-logo.svg",
                  "timedOut": null,
                  "duration": 119,
                  "state": "passed",
                  "speed": "fast",
                  "pass": true,
                  "fail": false,
                  "pending": false,
                  "context": null,
                  "code": "cy.get(TRYBEWARTS_LOGO_SELECTOR).should('have.attr', 'src').and('match', /images\\/trybewarts-header-logo\\.svg/);",
                  "err": {},
                  "uuid": "28b7c74c-7955-4ead-a3a7-0d87f2449dab",
                  "parentUUID": "e4fba5a4-f55c-45d5-bcc8-a65156d37c1d",
                  "isHook": false,
                  "skipped": false
                }
              ],
              "suites": [],
              "passes": [
                "9ff47375-7e1d-4f8e-bef8-8c74ab4c625e",
                "28b7c74c-7955-4ead-a3a7-0d87f2449dab"
              ],
              "failures": [],
              "pending": [],
              "skipped": [],
              "duration": 260,
              "root": false,
              "rootEmpty": false,
              "_timeout": 2000
            },
            {
              "uuid": "527c789d-c7d7-42f7-a394-859f6082fd96",
              "title": "3 - Acrescente um formulário de login no canto direito da barra superior contendo os inputs de email, senha e um botão de login",
              "fullFile": "",
              "file": "",
              "beforeHooks": [],
              "afterHooks": [],
              "tests": [
                {
                  "title": "Existe um formulário com a classe \"trybewarts-login\"",
                  "fullTitle": "Trybewarts 3 - Acrescente um formulário de login no canto direito da barra superior contendo os inputs de email, senha e um botão de login Existe um formulário com a classe \"trybewarts-login\"",
                  "timedOut": null,
                  "duration": 161,
                  "state": "passed",
                  "speed": "fast",
                  "pass": true,
                  "fail": false,
                  "pending": false,
                  "context": null,
                  "code": "cy.get(TRYBEWARTS_LOGIN_FORM_SELECTOR).should('exist');",
                  "err": {},
                  "uuid": "989dfb57-b3f7-4401-9d29-23597db41966",
                  "parentUUID": "527c789d-c7d7-42f7-a394-859f6082fd96",
                  "isHook": false,
                  "skipped": false
                },
                {
                  "title": "Existe um input com o atributo name igual a \"email\" e o placeholder igual a \"Email\"",
                  "fullTitle": "Trybewarts 3 - Acrescente um formulário de login no canto direito da barra superior contendo os inputs de email, senha e um botão de login Existe um input com o atributo name igual a \"email\" e o placeholder igual a \"Email\"",
                  "timedOut": null,
                  "duration": 134,
                  "state": "passed",
                  "speed": "fast",
                  "pass": true,
                  "fail": false,
                  "pending": false,
                  "context": null,
                  "code": "cy.get(`${TRYBEWARTS_LOGIN_FORM_SELECTOR} input[name=email]`).should('have.attr', 'placeholder').and('match', /Email/);",
                  "err": {},
                  "uuid": "9ac9fc59-ac3b-43b8-90cb-d5ffbdb6b6c5",
                  "parentUUID": "527c789d-c7d7-42f7-a394-859f6082fd96",
                  "isHook": false,
                  "skipped": false
                },
                {
                  "title": "Existe um input com o atributo name igual a \"password\" e o placeholder igual a \"Senha\"",
                  "fullTitle": "Trybewarts 3 - Acrescente um formulário de login no canto direito da barra superior contendo os inputs de email, senha e um botão de login Existe um input com o atributo name igual a \"password\" e o placeholder igual a \"Senha\"",
                  "timedOut": null,
                  "duration": 118,
                  "state": "passed",
                  "speed": "fast",
                  "pass": true,
                  "fail": false,
                  "pending": false,
                  "context": null,
                  "code": "cy.get(`${TRYBEWARTS_LOGIN_FORM_SELECTOR} input[name=password]`).should('have.attr', 'placeholder').and('match', /Senha/);",
                  "err": {},
                  "uuid": "0a3e7764-94d9-4530-8587-74b0697c5b14",
                  "parentUUID": "527c789d-c7d7-42f7-a394-859f6082fd96",
                  "isHook": false,
                  "skipped": false
                },
                {
                  "title": "Existe um botão que contém o texto \"Entrar\"",
                  "fullTitle": "Trybewarts 3 - Acrescente um formulário de login no canto direito da barra superior contendo os inputs de email, senha e um botão de login Existe um botão que contém o texto \"Entrar\"",
                  "timedOut": null,
                  "duration": 122,
                  "state": "passed",
                  "speed": "fast",
                  "pass": true,
                  "fail": false,
                  "pending": false,
                  "context": null,
                  "code": "cy.get(`${TRYBEWARTS_LOGIN_FORM_SELECTOR} button`).should('have.text', 'Entrar');",
                  "err": {},
                  "uuid": "c3cc743f-70c4-4203-a957-67ba5b9d688a",
                  "parentUUID": "527c789d-c7d7-42f7-a394-859f6082fd96",
                  "isHook": false,
                  "skipped": false
                },
                {
                  "title": "O formulário é um flex container",
                  "fullTitle": "Trybewarts 3 - Acrescente um formulário de login no canto direito da barra superior contendo os inputs de email, senha e um botão de login O formulário é um flex container",
                  "timedOut": null,
                  "duration": 287,
                  "state": "passed",
                  "speed": "fast",
                  "pass": true,
                  "fail": false,
                  "pending": false,
                  "context": null,
                  "code": "cy.get(TRYBEWARTS_LOGIN_FORM_SELECTOR).should('have.css', 'display', 'flex');",
                  "err": {},
                  "uuid": "2af739b3-d09c-40d3-83b7-eb72819908b1",
                  "parentUUID": "527c789d-c7d7-42f7-a394-859f6082fd96",
                  "isHook": false,
                  "skipped": false
                },
                {
                  "title": "O formulário deve estar a direita da logo",
                  "fullTitle": "Trybewarts 3 - Acrescente um formulário de login no canto direito da barra superior contendo os inputs de email, senha e um botão de login O formulário deve estar a direita da logo",
                  "timedOut": null,
                  "duration": 138,
                  "state": "passed",
                  "speed": "fast",
                  "pass": true,
                  "fail": false,
                  "pending": false,
                  "context": null,
                  "code": "cy.get(TRYBEWARTS_LOGIN_FORM_SELECTOR).should('be.rightOf', TRYBEWARTS_LOGO_SELECTOR);",
                  "err": {},
                  "uuid": "97580cd4-f23b-4f4e-8ab7-d290395c3d38",
                  "parentUUID": "527c789d-c7d7-42f7-a394-859f6082fd96",
                  "isHook": false,
                  "skipped": false
                },
                {
                  "title": "Ao clicar no botão com login ou senha válidos, emite um alerta contendo o texto \"Olá, Tryber!\"",
                  "fullTitle": "Trybewarts 3 - Acrescente um formulário de login no canto direito da barra superior contendo os inputs de email, senha e um botão de login Ao clicar no botão com login ou senha válidos, emite um alerta contendo o texto \"Olá, Tryber!\"",
                  "timedOut": null,
                  "duration": 1006,
                  "state": "passed",
                  "speed": "fast",
                  "pass": true,
                  "fail": false,
                  "pending": false,
                  "context": null,
                  "code": "const stub = cy.stub();\ncy.on('window:alert', stub);\ncy.get(`${TRYBEWARTS_LOGIN_FORM_SELECTOR} input[name=email]`).type('tryber@teste.com');\ncy.get(`${TRYBEWARTS_LOGIN_FORM_SELECTOR} input[name=password]`).type('123456');\ncy.get(`${TRYBEWARTS_LOGIN_FORM_SELECTOR} button`).click().then(() => {\n  expect(stub.getCall(0)).to.be.calledWith('Olá, Tryber!');\n});",
                  "err": {},
                  "uuid": "64f98706-6c8f-45de-87b3-30f7920b08ca",
                  "parentUUID": "527c789d-c7d7-42f7-a394-859f6082fd96",
                  "isHook": false,
                  "skipped": false
                },
                {
                  "title": "Ao clicar no botão com email ou senha inválidos, emite um alerta contendo o texto \"Email ou senha inválidos.\"",
                  "fullTitle": "Trybewarts 3 - Acrescente um formulário de login no canto direito da barra superior contendo os inputs de email, senha e um botão de login Ao clicar no botão com email ou senha inválidos, emite um alerta contendo o texto \"Email ou senha inválidos.\"",
                  "timedOut": null,
                  "duration": 203,
                  "state": "passed",
                  "speed": "fast",
                  "pass": true,
                  "fail": false,
                  "pending": false,
                  "context": null,
                  "code": "const stub = cy.stub();\ncy.on('window:alert', stub);\ncy.get(`${TRYBEWARTS_LOGIN_FORM_SELECTOR} button`).click().then(() => {\n  expect(stub.getCall(0)).to.be.calledWith('Email ou senha inválidos.');\n});",
                  "err": {},
                  "uuid": "41b98f22-43c8-4eef-9427-45ab9131f9a8",
                  "parentUUID": "527c789d-c7d7-42f7-a394-859f6082fd96",
                  "isHook": false,
                  "skipped": false
                }
              ],
              "suites": [],
              "passes": [
                "989dfb57-b3f7-4401-9d29-23597db41966",
                "9ac9fc59-ac3b-43b8-90cb-d5ffbdb6b6c5",
                "0a3e7764-94d9-4530-8587-74b0697c5b14",
                "c3cc743f-70c4-4203-a957-67ba5b9d688a",
                "2af739b3-d09c-40d3-83b7-eb72819908b1",
                "97580cd4-f23b-4f4e-8ab7-d290395c3d38",
                "64f98706-6c8f-45de-87b3-30f7920b08ca",
                "41b98f22-43c8-4eef-9427-45ab9131f9a8"
              ],
              "failures": [],
              "pending": [],
              "skipped": [],
              "duration": 2169,
              "root": false,
              "rootEmpty": false,
              "_timeout": 2000
            },
            {
              "uuid": "e80f7085-6bed-43bd-99cc-128f581d5082",
              "title": "4 - Crie um título com o texto `Trybewarts` centralizado dentro do `Header`",
              "fullFile": "",
              "file": "",
              "beforeHooks": [],
              "afterHooks": [],
              "tests": [
                {
                  "title": "Existe um elemento h1 com o id \"trybewarts-header-title\" e texto \"Trybewarts",
                  "fullTitle": "Trybewarts 4 - Crie um título com o texto `Trybewarts` centralizado dentro do `Header` Existe um elemento h1 com o id \"trybewarts-header-title\" e texto \"Trybewarts",
                  "timedOut": null,
                  "duration": 136,
                  "state": "passed",
                  "speed": "fast",
                  "pass": true,
                  "fail": false,
                  "pending": false,
                  "context": null,
                  "code": "cy.get(TRYBEWARTS_HEADER_TITLE).should('exist').and('have.text', 'Trybewarts');",
                  "err": {},
                  "uuid": "a4c7c453-a001-4e5e-8d1a-9a6a4eccbc45",
                  "parentUUID": "e80f7085-6bed-43bd-99cc-128f581d5082",
                  "isHook": false,
                  "skipped": false
                },
                {
                  "title": "O header deve ter exatamente três elementos filhos",
                  "fullTitle": "Trybewarts 4 - Crie um título com o texto `Trybewarts` centralizado dentro do `Header` O header deve ter exatamente três elementos filhos",
                  "timedOut": null,
                  "duration": 111,
                  "state": "passed",
                  "speed": "fast",
                  "pass": true,
                  "fail": false,
                  "pending": false,
                  "context": null,
                  "code": "cy.get(TOP_BAR_SELECTOR).children().should('have.length', 3);",
                  "err": {},
                  "uuid": "57f711ae-45db-47f7-aea0-ada47c55e9f6",
                  "parentUUID": "e80f7085-6bed-43bd-99cc-128f581d5082",
                  "isHook": false,
                  "skipped": false
                },
                {
                  "title": "O filho do meio deve ser o título",
                  "fullTitle": "Trybewarts 4 - Crie um título com o texto `Trybewarts` centralizado dentro do `Header` O filho do meio deve ser o título",
                  "timedOut": null,
                  "duration": 134,
                  "state": "passed",
                  "speed": "fast",
                  "pass": true,
                  "fail": false,
                  "pending": false,
                  "context": null,
                  "code": "cy.get(TOP_BAR_SELECTOR).children().eq(1).should('match', TRYBEWARTS_HEADER_TITLE);",
                  "err": {},
                  "uuid": "644f9128-d2c4-44bf-b1e6-336ca9a6bf63",
                  "parentUUID": "e80f7085-6bed-43bd-99cc-128f581d5082",
                  "isHook": false,
                  "skipped": false
                }
              ],
              "suites": [],
              "passes": [
                "a4c7c453-a001-4e5e-8d1a-9a6a4eccbc45",
                "57f711ae-45db-47f7-aea0-ada47c55e9f6",
                "644f9128-d2c4-44bf-b1e6-336ca9a6bf63"
              ],
              "failures": [],
              "pending": [],
              "skipped": [],
              "duration": 381,
              "root": false,
              "rootEmpty": false,
              "_timeout": 2000
            },
            {
              "uuid": "898cdb41-6f5b-4e11-8144-1a1d742b057c",
              "title": "5 - Adicione um formulário no corpo da página",
              "fullFile": "",
              "file": "",
              "beforeHooks": [],
              "afterHooks": [],
              "tests": [
                {
                  "title": "Existe um formulário com o id `evaluation-form`",
                  "fullTitle": "Trybewarts 5 - Adicione um formulário no corpo da página Existe um formulário com o id `evaluation-form`",
                  "timedOut": null,
                  "duration": 128,
                  "state": "passed",
                  "speed": "fast",
                  "pass": true,
                  "fail": false,
                  "pending": false,
                  "context": null,
                  "code": "cy.get(EVALUATION_FORM).should('exist');",
                  "err": {},
                  "uuid": "15085ac9-2aff-4786-bb99-8a39d02aec69",
                  "parentUUID": "898cdb41-6f5b-4e11-8144-1a1d742b057c",
                  "isHook": false,
                  "skipped": false
                },
                {
                  "title": "O formulário está inserido dentro de uma tag `main`",
                  "fullTitle": "Trybewarts 5 - Adicione um formulário no corpo da página O formulário está inserido dentro de uma tag `main`",
                  "timedOut": null,
                  "duration": 112,
                  "state": "passed",
                  "speed": "fast",
                  "pass": true,
                  "fail": false,
                  "pending": false,
                  "context": null,
                  "code": "cy.get(`main ${EVALUATION_FORM}`).should('exist');",
                  "err": {},
                  "uuid": "f31a88fd-a3cf-4919-a033-33488c96c278",
                  "parentUUID": "898cdb41-6f5b-4e11-8144-1a1d742b057c",
                  "isHook": false,
                  "skipped": false
                },
                {
                  "title": "O elemento main é um flex-container",
                  "fullTitle": "Trybewarts 5 - Adicione um formulário no corpo da página O elemento main é um flex-container",
                  "timedOut": null,
                  "duration": 113,
                  "state": "passed",
                  "speed": "fast",
                  "pass": true,
                  "fail": false,
                  "pending": false,
                  "context": null,
                  "code": "cy.get('main').should('have.css', 'display', 'flex');",
                  "err": {},
                  "uuid": "73521898-e50d-4955-b55e-d529105d53a6",
                  "parentUUID": "898cdb41-6f5b-4e11-8144-1a1d742b057c",
                  "isHook": false,
                  "skipped": false
                },
                {
                  "title": "O formulário é um flex-container",
                  "fullTitle": "Trybewarts 5 - Adicione um formulário no corpo da página O formulário é um flex-container",
                  "timedOut": null,
                  "duration": 118,
                  "state": "passed",
                  "speed": "fast",
                  "pass": true,
                  "fail": false,
                  "pending": false,
                  "context": null,
                  "code": "cy.get(EVALUATION_FORM).should('have.css', 'display', 'flex');",
                  "err": {},
                  "uuid": "bf5b69e2-9e68-43cd-bd3e-d7f53af76827",
                  "parentUUID": "898cdb41-6f5b-4e11-8144-1a1d742b057c",
                  "isHook": false,
                  "skipped": false
                },
                {
                  "title": "O formulário tem a largura igual a 675px",
                  "fullTitle": "Trybewarts 5 - Adicione um formulário no corpo da página O formulário tem a largura igual a 675px",
                  "timedOut": null,
                  "duration": 123,
                  "state": "passed",
                  "speed": "fast",
                  "pass": true,
                  "fail": false,
                  "pending": false,
                  "context": null,
                  "code": "cy.get(EVALUATION_FORM).should('have.css', 'width', '675px');",
                  "err": {},
                  "uuid": "6f75ad61-8a7c-46e7-8c9b-eadf6b5be5aa",
                  "parentUUID": "898cdb41-6f5b-4e11-8144-1a1d742b057c",
                  "isHook": false,
                  "skipped": false
                }
              ],
              "suites": [],
              "passes": [
                "15085ac9-2aff-4786-bb99-8a39d02aec69",
                "f31a88fd-a3cf-4919-a033-33488c96c278",
                "73521898-e50d-4955-b55e-d529105d53a6",
                "bf5b69e2-9e68-43cd-bd3e-d7f53af76827",
                "6f75ad61-8a7c-46e7-8c9b-eadf6b5be5aa"
              ],
              "failures": [],
              "pending": [],
              "skipped": [],
              "duration": 594,
              "root": false,
              "rootEmpty": false,
              "_timeout": 2000
            },
            {
              "uuid": "facb24e1-6883-437a-9804-f64a9f74a0a8",
              "title": "6 - Faça com que o eixo principal do formulário seja vertical",
              "fullFile": "",
              "file": "",
              "beforeHooks": [],
              "afterHooks": [],
              "tests": [
                {
                  "title": "O eixo principal do formulário com id \"evaluation-form\" é vertical",
                  "fullTitle": "Trybewarts 6 - Faça com que o eixo principal do formulário seja vertical O eixo principal do formulário com id \"evaluation-form\" é vertical",
                  "timedOut": null,
                  "duration": 129,
                  "state": "passed",
                  "speed": "fast",
                  "pass": true,
                  "fail": false,
                  "pending": false,
                  "context": null,
                  "code": "cy.get(EVALUATION_FORM).should('have.css', 'flex-direction', 'column');",
                  "err": {},
                  "uuid": "4da1343c-9b2d-4153-852d-4599a15dba77",
                  "parentUUID": "facb24e1-6883-437a-9804-f64a9f74a0a8",
                  "isHook": false,
                  "skipped": false
                }
              ],
              "suites": [],
              "passes": [
                "4da1343c-9b2d-4153-852d-4599a15dba77"
              ],
              "failures": [],
              "pending": [],
              "skipped": [],
              "duration": 129,
              "root": false,
              "rootEmpty": false,
              "_timeout": 2000
            },
            {
              "uuid": "2690de1e-b042-4e27-838e-0209b94998a5",
              "title": "7 - Adicione a logo da Trybewarts no lado direito da página",
              "fullFile": "",
              "file": "",
              "beforeHooks": [],
              "afterHooks": [],
              "tests": [
                {
                  "title": "Possui o id trybewarts-forms-logo",
                  "fullTitle": "Trybewarts 7 - Adicione a logo da Trybewarts no lado direito da página Possui o id trybewarts-forms-logo",
                  "timedOut": null,
                  "duration": 133,
                  "state": "passed",
                  "speed": "fast",
                  "pass": true,
                  "fail": false,
                  "pending": false,
                  "context": null,
                  "code": "cy.get(TRYBEWARTS_LOGO_FORMS_SELECTOR).should('exist');",
                  "err": {},
                  "uuid": "80b8ce92-5fbc-4fb8-8b44-83ad3f4ab2e0",
                  "parentUUID": "2690de1e-b042-4e27-838e-0209b94998a5",
                  "isHook": false,
                  "skipped": false
                },
                {
                  "title": "O atributo `src` do logotipo aponta para `images/trybewarts-colored.svg`",
                  "fullTitle": "Trybewarts 7 - Adicione a logo da Trybewarts no lado direito da página O atributo `src` do logotipo aponta para `images/trybewarts-colored.svg`",
                  "timedOut": null,
                  "duration": 121,
                  "state": "passed",
                  "speed": "fast",
                  "pass": true,
                  "fail": false,
                  "pending": false,
                  "context": null,
                  "code": "cy.get(TRYBEWARTS_LOGO_FORMS_SELECTOR).should('have.attr', 'src').and('match', /images\\/trybewarts-colored\\.svg/);",
                  "err": {},
                  "uuid": "d3948c6d-76a5-419f-8dc9-a66691091186",
                  "parentUUID": "2690de1e-b042-4e27-838e-0209b94998a5",
                  "isHook": false,
                  "skipped": false
                },
                {
                  "title": "A imagem deve possuir um `height` de `500px`",
                  "fullTitle": "Trybewarts 7 - Adicione a logo da Trybewarts no lado direito da página A imagem deve possuir um `height` de `500px`",
                  "timedOut": null,
                  "duration": 124,
                  "state": "passed",
                  "speed": "fast",
                  "pass": true,
                  "fail": false,
                  "pending": false,
                  "context": null,
                  "code": "cy.get(TRYBEWARTS_LOGO_FORMS_SELECTOR).should('have.css', 'height', '500px');",
                  "err": {},
                  "uuid": "70af4930-6469-49c6-b189-cebf8ce41cba",
                  "parentUUID": "2690de1e-b042-4e27-838e-0209b94998a5",
                  "isHook": false,
                  "skipped": false
                },
                {
                  "title": "A imagem deve estar posicionada a direita do formulário com id `evaluation-form`",
                  "fullTitle": "Trybewarts 7 - Adicione a logo da Trybewarts no lado direito da página A imagem deve estar posicionada a direita do formulário com id `evaluation-form`",
                  "timedOut": null,
                  "duration": 110,
                  "state": "passed",
                  "speed": "fast",
                  "pass": true,
                  "fail": false,
                  "pending": false,
                  "context": null,
                  "code": "cy.get(TRYBEWARTS_LOGO_FORMS_SELECTOR).should('be.rightOf', EVALUATION_FORM);",
                  "err": {},
                  "uuid": "535c532b-31f6-45e7-b75d-ef729d79efb0",
                  "parentUUID": "2690de1e-b042-4e27-838e-0209b94998a5",
                  "isHook": false,
                  "skipped": false
                }
              ],
              "suites": [],
              "passes": [
                "80b8ce92-5fbc-4fb8-8b44-83ad3f4ab2e0",
                "d3948c6d-76a5-419f-8dc9-a66691091186",
                "70af4930-6469-49c6-b189-cebf8ce41cba",
                "535c532b-31f6-45e7-b75d-ef729d79efb0"
              ],
              "failures": [],
              "pending": [],
              "skipped": [],
              "duration": 488,
              "root": false,
              "rootEmpty": false,
              "_timeout": 2000
            },
            {
              "uuid": "76d37b21-85b3-45d2-a1a0-234566d30656",
              "title": "8 - Acrescente ao formulário com id `evaluation-form` os inputs de `nome, sobrenome e email`",
              "fullFile": "",
              "file": "",
              "beforeHooks": [],
              "afterHooks": [],
              "tests": [
                {
                  "title": "Existe um input com o id \"input-name\" e placeholder \"Nome\"",
                  "fullTitle": "Trybewarts 8 - Acrescente ao formulário com id `evaluation-form` os inputs de `nome, sobrenome e email` Existe um input com o id \"input-name\" e placeholder \"Nome\"",
                  "timedOut": null,
                  "duration": 125,
                  "state": "passed",
                  "speed": "fast",
                  "pass": true,
                  "fail": false,
                  "pending": false,
                  "context": null,
                  "code": "cy.get(`input#${id}`).should('exist').and('have.attr', 'placeholder', placeholder);",
                  "err": {},
                  "uuid": "22d2860e-4823-4449-a5cf-586ce331fe20",
                  "parentUUID": "76d37b21-85b3-45d2-a1a0-234566d30656",
                  "isHook": false,
                  "skipped": false
                },
                {
                  "title": "Existe um input com o id \"input-lastname\" e placeholder \"Sobrenome\"",
                  "fullTitle": "Trybewarts 8 - Acrescente ao formulário com id `evaluation-form` os inputs de `nome, sobrenome e email` Existe um input com o id \"input-lastname\" e placeholder \"Sobrenome\"",
                  "timedOut": null,
                  "duration": 118,
                  "state": "passed",
                  "speed": "fast",
                  "pass": true,
                  "fail": false,
                  "pending": false,
                  "context": null,
                  "code": "cy.get(`input#${id}`).should('exist').and('have.attr', 'placeholder', placeholder);",
                  "err": {},
                  "uuid": "4baf9f80-2915-4230-8947-85709a967d23",
                  "parentUUID": "76d37b21-85b3-45d2-a1a0-234566d30656",
                  "isHook": false,
                  "skipped": false
                },
                {
                  "title": "Existe um input com o id \"input-email\" e placeholder \"Email\"",
                  "fullTitle": "Trybewarts 8 - Acrescente ao formulário com id `evaluation-form` os inputs de `nome, sobrenome e email` Existe um input com o id \"input-email\" e placeholder \"Email\"",
                  "timedOut": null,
                  "duration": 115,
                  "state": "passed",
                  "speed": "fast",
                  "pass": true,
                  "fail": false,
                  "pending": false,
                  "context": null,
                  "code": "cy.get(`input#${id}`).should('exist').and('have.attr', 'placeholder', placeholder);",
                  "err": {},
                  "uuid": "f62155d1-624b-44ec-a83e-1fb6060ccc46",
                  "parentUUID": "76d37b21-85b3-45d2-a1a0-234566d30656",
                  "isHook": false,
                  "skipped": false
                }
              ],
              "suites": [],
              "passes": [
                "22d2860e-4823-4449-a5cf-586ce331fe20",
                "4baf9f80-2915-4230-8947-85709a967d23",
                "f62155d1-624b-44ec-a83e-1fb6060ccc46"
              ],
              "failures": [],
              "pending": [],
              "skipped": [],
              "duration": 358,
              "root": false,
              "rootEmpty": false,
              "_timeout": 2000
            },
            {
              "uuid": "cfe4501a-61cd-4c9b-ba36-52408b3b2a23",
              "title": "9 - Acrescente ao formulário um select com o id `house` contendo as opções `Gitnória`, `Reactpuff`, `Corvinode` e `Pytherina`",
              "fullFile": "",
              "file": "",
              "beforeHooks": [],
              "afterHooks": [],
              "tests": [
                {
                  "title": "Existe uma option com text e value igual a \"Gitnória\" e id igual a \"gitnoria-house\"",
                  "fullTitle": "Trybewarts 9 - Acrescente ao formulário um select com o id `house` contendo as opções `Gitnória`, `Reactpuff`, `Corvinode` e `Pytherina` Existe uma option com text e value igual a \"Gitnória\" e id igual a \"gitnoria-house\"",
                  "timedOut": null,
                  "duration": 168,
                  "state": "passed",
                  "speed": "fast",
                  "pass": true,
                  "fail": false,
                  "pending": false,
                  "context": null,
                  "code": "cy.get(`${HOUSES_SELECTOR} option#${id}`).then(option => {\n  expect(option).to.have.text(name);\n  expect(option).to.have.value(name);\n});",
                  "err": {},
                  "uuid": "1214685b-6e96-45d6-89a1-636c4a8c744d",
                  "parentUUID": "cfe4501a-61cd-4c9b-ba36-52408b3b2a23",
                  "isHook": false,
                  "skipped": false
                },
                {
                  "title": "Existe uma option com text e value igual a \"Reactpuff\" e id igual a \"reactpuff-house\"",
                  "fullTitle": "Trybewarts 9 - Acrescente ao formulário um select com o id `house` contendo as opções `Gitnória`, `Reactpuff`, `Corvinode` e `Pytherina` Existe uma option com text e value igual a \"Reactpuff\" e id igual a \"reactpuff-house\"",
                  "timedOut": null,
                  "duration": 118,
                  "state": "passed",
                  "speed": "fast",
                  "pass": true,
                  "fail": false,
                  "pending": false,
                  "context": null,
                  "code": "cy.get(`${HOUSES_SELECTOR} option#${id}`).then(option => {\n  expect(option).to.have.text(name);\n  expect(option).to.have.value(name);\n});",
                  "err": {},
                  "uuid": "5c384672-686f-4def-9de6-45fd138378c6",
                  "parentUUID": "cfe4501a-61cd-4c9b-ba36-52408b3b2a23",
                  "isHook": false,
                  "skipped": false
                },
                {
                  "title": "Existe uma option com text e value igual a \"Corvinode\" e id igual a \"corvinode-house\"",
                  "fullTitle": "Trybewarts 9 - Acrescente ao formulário um select com o id `house` contendo as opções `Gitnória`, `Reactpuff`, `Corvinode` e `Pytherina` Existe uma option com text e value igual a \"Corvinode\" e id igual a \"corvinode-house\"",
                  "timedOut": null,
                  "duration": 121,
                  "state": "passed",
                  "speed": "fast",
                  "pass": true,
                  "fail": false,
                  "pending": false,
                  "context": null,
                  "code": "cy.get(`${HOUSES_SELECTOR} option#${id}`).then(option => {\n  expect(option).to.have.text(name);\n  expect(option).to.have.value(name);\n});",
                  "err": {},
                  "uuid": "a780792d-ab9c-4b75-b352-e3502e4a66f5",
                  "parentUUID": "cfe4501a-61cd-4c9b-ba36-52408b3b2a23",
                  "isHook": false,
                  "skipped": false
                },
                {
                  "title": "Existe uma option com text e value igual a \"Pytherina\" e id igual a \"pytherina-house\"",
                  "fullTitle": "Trybewarts 9 - Acrescente ao formulário um select com o id `house` contendo as opções `Gitnória`, `Reactpuff`, `Corvinode` e `Pytherina` Existe uma option com text e value igual a \"Pytherina\" e id igual a \"pytherina-house\"",
                  "timedOut": null,
                  "duration": 122,
                  "state": "passed",
                  "speed": "fast",
                  "pass": true,
                  "fail": false,
                  "pending": false,
                  "context": null,
                  "code": "cy.get(`${HOUSES_SELECTOR} option#${id}`).then(option => {\n  expect(option).to.have.text(name);\n  expect(option).to.have.value(name);\n});",
                  "err": {},
                  "uuid": "4882ca56-ce23-4635-8356-d6297f3f8731",
                  "parentUUID": "cfe4501a-61cd-4c9b-ba36-52408b3b2a23",
                  "isHook": false,
                  "skipped": false
                }
              ],
              "suites": [],
              "passes": [
                "1214685b-6e96-45d6-89a1-636c4a8c744d",
                "5c384672-686f-4def-9de6-45fd138378c6",
                "a780792d-ab9c-4b75-b352-e3502e4a66f5",
                "4882ca56-ce23-4635-8356-d6297f3f8731"
              ],
              "failures": [],
              "pending": [],
              "skipped": [],
              "duration": 529,
              "root": false,
              "rootEmpty": false,
              "_timeout": 2000
            },
            {
              "uuid": "914eba44-8290-4952-b767-039bc2ebfb05",
              "title": "10 - Posicione os campos de `Nome` e `Sobrenome` para que fiquem em linha",
              "fullFile": "",
              "file": "",
              "beforeHooks": [],
              "afterHooks": [],
              "tests": [
                {
                  "title": "O campo de \"Sobrenome\" está a direita do campo de \"Nome\"",
                  "fullTitle": "Trybewarts 10 - Posicione os campos de `Nome` e `Sobrenome` para que fiquem em linha O campo de \"Sobrenome\" está a direita do campo de \"Nome\"",
                  "timedOut": null,
                  "duration": 117,
                  "state": "passed",
                  "speed": "fast",
                  "pass": true,
                  "fail": false,
                  "pending": false,
                  "context": null,
                  "code": "cy.get(USER_LASTNAME_INPUT_SELECTOR).should('be.rightOf', USER_NAME_INPUT_SELECTOR);",
                  "err": {},
                  "uuid": "2c41be4f-d38b-4721-a1c3-71aa5b4b25ab",
                  "parentUUID": "914eba44-8290-4952-b767-039bc2ebfb05",
                  "isHook": false,
                  "skipped": false
                }
              ],
              "suites": [],
              "passes": [
                "2c41be4f-d38b-4721-a1c3-71aa5b4b25ab"
              ],
              "failures": [],
              "pending": [],
              "skipped": [],
              "duration": 117,
              "root": false,
              "rootEmpty": false,
              "_timeout": 2000
            },
            {
              "uuid": "4321662d-bfd5-4927-b3d9-2d301ed39a28",
              "title": "11 - Posicione os campos de `Email` e `Casa` para que fiquem em linha",
              "fullFile": "",
              "file": "",
              "beforeHooks": [],
              "afterHooks": [],
              "tests": [
                {
                  "title": "O select das casas está a direita do campo de \"Email\"",
                  "fullTitle": "Trybewarts 11 - Posicione os campos de `Email` e `Casa` para que fiquem em linha O select das casas está a direita do campo de \"Email\"",
                  "timedOut": null,
                  "duration": 130,
                  "state": "passed",
                  "speed": "fast",
                  "pass": true,
                  "fail": false,
                  "pending": false,
                  "context": null,
                  "code": "cy.get(HOUSES_SELECTOR).should('be.rightOf', USER_EMAIL_INPUT_SELECTOR);",
                  "err": {},
                  "uuid": "9852bcfb-7b95-4711-8565-5f20cbd15fcb",
                  "parentUUID": "4321662d-bfd5-4927-b3d9-2d301ed39a28",
                  "isHook": false,
                  "skipped": false
                }
              ],
              "suites": [],
              "passes": [
                "9852bcfb-7b95-4711-8565-5f20cbd15fcb"
              ],
              "failures": [],
              "pending": [],
              "skipped": [],
              "duration": 130,
              "root": false,
              "rootEmpty": false,
              "_timeout": 2000
            },
            {
              "uuid": "123d8b11-17d3-4d2f-a8b1-820428413c9f",
              "title": "12 - Acrescente ao formulário um campo de entrada para qual família a pessoa estudante se identifica",
              "fullFile": "",
              "file": "",
              "beforeHooks": [],
              "afterHooks": [],
              "tests": [
                {
                  "title": "Um elemento com o id \"label-family\" e o texto \"Qual sua família?\" deverá ser criado",
                  "fullTitle": "Trybewarts 12 - Acrescente ao formulário um campo de entrada para qual família a pessoa estudante se identifica Um elemento com o id \"label-family\" e o texto \"Qual sua família?\" deverá ser criado",
                  "timedOut": null,
                  "duration": 125,
                  "state": "passed",
                  "speed": "fast",
                  "pass": true,
                  "fail": false,
                  "pending": false,
                  "context": null,
                  "code": "cy.get(`${EVALUATION_FORM} #label-family`).should('have.text', LABEL_FAMILY_TEXT);",
                  "err": {},
                  "uuid": "33d7463a-e038-42a3-a187-611f5e7597cf",
                  "parentUUID": "123d8b11-17d3-4d2f-a8b1-820428413c9f",
                  "isHook": false,
                  "skipped": false
                },
                {
                  "title": "Deverá haver um input do tipo radio, com value igual a \"Frontend\" e name igual a \"family\"",
                  "fullTitle": "Trybewarts 12 - Acrescente ao formulário um campo de entrada para qual família a pessoa estudante se identifica Deverá haver um input do tipo radio, com value igual a \"Frontend\" e name igual a \"family\"",
                  "timedOut": null,
                  "duration": 125,
                  "state": "passed",
                  "speed": "fast",
                  "pass": true,
                  "fail": false,
                  "pending": false,
                  "context": null,
                  "code": "cy.get(`input[value=${family}]`).should('exist').and('have.attr', 'type', 'radio').and('have.attr', 'name', 'family');",
                  "err": {},
                  "uuid": "7c45b856-4878-4db4-9b56-4a1137ddde9c",
                  "parentUUID": "123d8b11-17d3-4d2f-a8b1-820428413c9f",
                  "isHook": false,
                  "skipped": false
                },
                {
                  "title": "Deverá haver um input do tipo radio, com value igual a \"Backend\" e name igual a \"family\"",
                  "fullTitle": "Trybewarts 12 - Acrescente ao formulário um campo de entrada para qual família a pessoa estudante se identifica Deverá haver um input do tipo radio, com value igual a \"Backend\" e name igual a \"family\"",
                  "timedOut": null,
                  "duration": 118,
                  "state": "passed",
                  "speed": "fast",
                  "pass": true,
                  "fail": false,
                  "pending": false,
                  "context": null,
                  "code": "cy.get(`input[value=${family}]`).should('exist').and('have.attr', 'type', 'radio').and('have.attr', 'name', 'family');",
                  "err": {},
                  "uuid": "75734b2d-8468-48f3-924b-5e46100e32fc",
                  "parentUUID": "123d8b11-17d3-4d2f-a8b1-820428413c9f",
                  "isHook": false,
                  "skipped": false
                },
                {
                  "title": "Deverá haver um input do tipo radio, com value igual a \"FullStack\" e name igual a \"family\"",
                  "fullTitle": "Trybewarts 12 - Acrescente ao formulário um campo de entrada para qual família a pessoa estudante se identifica Deverá haver um input do tipo radio, com value igual a \"FullStack\" e name igual a \"family\"",
                  "timedOut": null,
                  "duration": 115,
                  "state": "passed",
                  "speed": "fast",
                  "pass": true,
                  "fail": false,
                  "pending": false,
                  "context": null,
                  "code": "cy.get(`input[value=${family}]`).should('exist').and('have.attr', 'type', 'radio').and('have.attr', 'name', 'family');",
                  "err": {},
                  "uuid": "b287b9e7-7b6e-4bf2-aa6c-613f7cf160a5",
                  "parentUUID": "123d8b11-17d3-4d2f-a8b1-820428413c9f",
                  "isHook": false,
                  "skipped": false
                },
                {
                  "title": "Posicione os radio buttons para ficar abaixo um do outro, na sequência \"Frontend\", \"Backend\" e \"Fullstack\"",
                  "fullTitle": "Trybewarts 12 - Acrescente ao formulário um campo de entrada para qual família a pessoa estudante se identifica Posicione os radio buttons para ficar abaixo um do outro, na sequência \"Frontend\", \"Backend\" e \"Fullstack\"",
                  "timedOut": null,
                  "duration": 112,
                  "state": "passed",
                  "speed": "fast",
                  "pass": true,
                  "fail": false,
                  "pending": false,
                  "context": null,
                  "code": "cy.get('input[value=\"Backend\"]').should('be.below', 'input[value=\"Frontend\"]');\ncy.get('input[value=\"FullStack\"]').should('be.below', 'input[value=\"Backend\"]');",
                  "err": {},
                  "uuid": "19ab4157-371b-4d0e-b43e-14adffc86633",
                  "parentUUID": "123d8b11-17d3-4d2f-a8b1-820428413c9f",
                  "isHook": false,
                  "skipped": false
                },
                {
                  "title": "Posicione os radio buttons abaixo do label com id \"label-family\"",
                  "fullTitle": "Trybewarts 12 - Acrescente ao formulário um campo de entrada para qual família a pessoa estudante se identifica Posicione os radio buttons abaixo do label com id \"label-family\"",
                  "timedOut": null,
                  "duration": 122,
                  "state": "passed",
                  "speed": "fast",
                  "pass": true,
                  "fail": false,
                  "pending": false,
                  "context": null,
                  "code": "FAMILIES.forEach(family => {\n  cy.get(`input[value=\"${family}\"]`).should('be.below', '#label-family');\n});",
                  "err": {},
                  "uuid": "d345f5db-5ea1-4062-9517-4a589f82840f",
                  "parentUUID": "123d8b11-17d3-4d2f-a8b1-820428413c9f",
                  "isHook": false,
                  "skipped": false
                }
              ],
              "suites": [],
              "passes": [
                "33d7463a-e038-42a3-a187-611f5e7597cf",
                "7c45b856-4878-4db4-9b56-4a1137ddde9c",
                "75734b2d-8468-48f3-924b-5e46100e32fc",
                "b287b9e7-7b6e-4bf2-aa6c-613f7cf160a5",
                "19ab4157-371b-4d0e-b43e-14adffc86633",
                "d345f5db-5ea1-4062-9517-4a589f82840f"
              ],
              "failures": [],
              "pending": [],
              "skipped": [],
              "duration": 717,
              "root": false,
              "rootEmpty": false,
              "_timeout": 2000
            },
            {
              "uuid": "62fae687-bada-47de-b27c-62bbd8d14d1c",
              "title": "13 - Crie campos de entrada do tipo `checkbox` contendo seis opções",
              "fullFile": "",
              "file": "",
              "beforeHooks": [],
              "afterHooks": [],
              "tests": [
                {
                  "title": "Existe um elemento com o id \"label-content\" e o texto \"Qual conteúdo você está com mais vontade de aprender?\"",
                  "fullTitle": "Trybewarts 13 - Crie campos de entrada do tipo `checkbox` contendo seis opções Existe um elemento com o id \"label-content\" e o texto \"Qual conteúdo você está com mais vontade de aprender?\"",
                  "timedOut": null,
                  "duration": 124,
                  "state": "passed",
                  "speed": "fast",
                  "pass": true,
                  "fail": false,
                  "pending": false,
                  "context": null,
                  "code": "cy.get('#label-content').contains(LABEL_CONTENT_TEXT);",
                  "err": {},
                  "uuid": "1e0613ff-27c8-4410-96e9-a18330d0942d",
                  "parentUUID": "62fae687-bada-47de-b27c-62bbd8d14d1c",
                  "isHook": false,
                  "skipped": false
                },
                {
                  "title": "Existe uma checkbox com a classe \"subject\" e value igual a HoFs",
                  "fullTitle": "Trybewarts 13 - Crie campos de entrada do tipo `checkbox` contendo seis opções Existe uma checkbox com a classe \"subject\" e value igual a HoFs",
                  "timedOut": null,
                  "duration": 110,
                  "state": "passed",
                  "speed": "fast",
                  "pass": true,
                  "fail": false,
                  "pending": false,
                  "context": null,
                  "code": "cy.get(`${EVALUATION_FORM} input[value=${checkbox}]`).should('exist');",
                  "err": {},
                  "uuid": "0a8fc888-d19f-4fa0-9a6b-80335f23ca58",
                  "parentUUID": "62fae687-bada-47de-b27c-62bbd8d14d1c",
                  "isHook": false,
                  "skipped": false
                },
                {
                  "title": "Existe uma checkbox com a classe \"subject\" e value igual a Jest",
                  "fullTitle": "Trybewarts 13 - Crie campos de entrada do tipo `checkbox` contendo seis opções Existe uma checkbox com a classe \"subject\" e value igual a Jest",
                  "timedOut": null,
                  "duration": 104,
                  "state": "passed",
                  "speed": "fast",
                  "pass": true,
                  "fail": false,
                  "pending": false,
                  "context": null,
                  "code": "cy.get(`${EVALUATION_FORM} input[value=${checkbox}]`).should('exist');",
                  "err": {},
                  "uuid": "1f7aac60-636e-46cd-83a7-778e0fcc9bc9",
                  "parentUUID": "62fae687-bada-47de-b27c-62bbd8d14d1c",
                  "isHook": false,
                  "skipped": false
                },
                {
                  "title": "Existe uma checkbox com a classe \"subject\" e value igual a Promises",
                  "fullTitle": "Trybewarts 13 - Crie campos de entrada do tipo `checkbox` contendo seis opções Existe uma checkbox com a classe \"subject\" e value igual a Promises",
                  "timedOut": null,
                  "duration": 109,
                  "state": "passed",
                  "speed": "fast",
                  "pass": true,
                  "fail": false,
                  "pending": false,
                  "context": null,
                  "code": "cy.get(`${EVALUATION_FORM} input[value=${checkbox}]`).should('exist');",
                  "err": {},
                  "uuid": "40ee9c20-6caf-4300-bb8a-e400aa60d5cd",
                  "parentUUID": "62fae687-bada-47de-b27c-62bbd8d14d1c",
                  "isHook": false,
                  "skipped": false
                },
                {
                  "title": "Existe uma checkbox com a classe \"subject\" e value igual a React",
                  "fullTitle": "Trybewarts 13 - Crie campos de entrada do tipo `checkbox` contendo seis opções Existe uma checkbox com a classe \"subject\" e value igual a React",
                  "timedOut": null,
                  "duration": 113,
                  "state": "passed",
                  "speed": "fast",
                  "pass": true,
                  "fail": false,
                  "pending": false,
                  "context": null,
                  "code": "cy.get(`${EVALUATION_FORM} input[value=${checkbox}]`).should('exist');",
                  "err": {},
                  "uuid": "9c5aa3e1-0bb0-42b5-bd48-9301aef3cf89",
                  "parentUUID": "62fae687-bada-47de-b27c-62bbd8d14d1c",
                  "isHook": false,
                  "skipped": false
                },
                {
                  "title": "Existe uma checkbox com a classe \"subject\" e value igual a SQL",
                  "fullTitle": "Trybewarts 13 - Crie campos de entrada do tipo `checkbox` contendo seis opções Existe uma checkbox com a classe \"subject\" e value igual a SQL",
                  "timedOut": null,
                  "duration": 112,
                  "state": "passed",
                  "speed": "fast",
                  "pass": true,
                  "fail": false,
                  "pending": false,
                  "context": null,
                  "code": "cy.get(`${EVALUATION_FORM} input[value=${checkbox}]`).should('exist');",
                  "err": {},
                  "uuid": "c53bea62-f923-44b0-9d61-8cb38ee9787d",
                  "parentUUID": "62fae687-bada-47de-b27c-62bbd8d14d1c",
                  "isHook": false,
                  "skipped": false
                },
                {
                  "title": "Existe uma checkbox com a classe \"subject\" e value igual a Python",
                  "fullTitle": "Trybewarts 13 - Crie campos de entrada do tipo `checkbox` contendo seis opções Existe uma checkbox com a classe \"subject\" e value igual a Python",
                  "timedOut": null,
                  "duration": 121,
                  "state": "passed",
                  "speed": "fast",
                  "pass": true,
                  "fail": false,
                  "pending": false,
                  "context": null,
                  "code": "cy.get(`${EVALUATION_FORM} input[value=${checkbox}]`).should('exist');",
                  "err": {},
                  "uuid": "05b91b6f-78b3-4aae-bc9c-b43ea6176773",
                  "parentUUID": "62fae687-bada-47de-b27c-62bbd8d14d1c",
                  "isHook": false,
                  "skipped": false
                },
                {
                  "title": "As checkboxes estão posicionadas abaixo do label com id \"label-content\"",
                  "fullTitle": "Trybewarts 13 - Crie campos de entrada do tipo `checkbox` contendo seis opções As checkboxes estão posicionadas abaixo do label com id \"label-content\"",
                  "timedOut": null,
                  "duration": 139,
                  "state": "passed",
                  "speed": "fast",
                  "pass": true,
                  "fail": false,
                  "pending": false,
                  "context": null,
                  "code": "CHECKBOXES.forEach(checkbox => {\n  cy.get(`${EVALUATION_FORM} input[value=${checkbox}]`).should('be.below', `${EVALUATION_FORM} #label-content`);\n});",
                  "err": {},
                  "uuid": "c20418f0-a733-43ce-927d-03fa2368a389",
                  "parentUUID": "62fae687-bada-47de-b27c-62bbd8d14d1c",
                  "isHook": false,
                  "skipped": false
                }
              ],
              "suites": [],
              "passes": [
                "1e0613ff-27c8-4410-96e9-a18330d0942d",
                "0a8fc888-d19f-4fa0-9a6b-80335f23ca58",
                "1f7aac60-636e-46cd-83a7-778e0fcc9bc9",
                "40ee9c20-6caf-4300-bb8a-e400aa60d5cd",
                "9c5aa3e1-0bb0-42b5-bd48-9301aef3cf89",
                "c53bea62-f923-44b0-9d61-8cb38ee9787d",
                "05b91b6f-78b3-4aae-bc9c-b43ea6176773",
                "c20418f0-a733-43ce-927d-03fa2368a389"
              ],
              "failures": [],
              "pending": [],
              "skipped": [],
              "duration": 932,
              "root": false,
              "rootEmpty": false,
              "_timeout": 2000
            },
            {
              "uuid": "4e64b0d3-d4ec-4f5c-959a-23580b264027",
              "title": "14 - Crie campo de entrada para avaliar de 1 a 10 o nível de satisfação com a Trybewarts",
              "fullFile": "",
              "file": "",
              "beforeHooks": [],
              "afterHooks": [],
              "tests": [
                {
                  "title": "Um elemento com o id label-rate e o texto \"Como você avalia a Trybewarts?\" deverá ser criado",
                  "fullTitle": "Trybewarts 14 - Crie campo de entrada para avaliar de 1 a 10 o nível de satisfação com a Trybewarts Um elemento com o id label-rate e o texto \"Como você avalia a Trybewarts?\" deverá ser criado",
                  "timedOut": null,
                  "duration": 130,
                  "state": "passed",
                  "speed": "fast",
                  "pass": true,
                  "fail": false,
                  "pending": false,
                  "context": null,
                  "code": "cy.get('#label-rate').contains(LABEL_RATE_TEXT);",
                  "err": {},
                  "uuid": "ab00ae64-06dc-4558-9980-45ff93c46ee8",
                  "parentUUID": "4e64b0d3-d4ec-4f5c-959a-23580b264027",
                  "isHook": false,
                  "skipped": false
                },
                {
                  "title": "O campo deve ser formado por dez radio buttons, contendo as opções de 1 a 10",
                  "fullTitle": "Trybewarts 14 - Crie campo de entrada para avaliar de 1 a 10 o nível de satisfação com a Trybewarts O campo deve ser formado por dez radio buttons, contendo as opções de 1 a 10",
                  "timedOut": null,
                  "duration": 121,
                  "state": "passed",
                  "speed": "fast",
                  "pass": true,
                  "fail": false,
                  "pending": false,
                  "context": null,
                  "code": "cy.get('input[name=\"rate\"]').its('length').should('be.gt', 9);",
                  "err": {},
                  "uuid": "0ff95d5a-abf6-4e02-8645-84f3a2ea02a7",
                  "parentUUID": "4e64b0d3-d4ec-4f5c-959a-23580b264027",
                  "isHook": false,
                  "skipped": false
                }
              ],
              "suites": [],
              "passes": [
                "ab00ae64-06dc-4558-9980-45ff93c46ee8",
                "0ff95d5a-abf6-4e02-8645-84f3a2ea02a7"
              ],
              "failures": [],
              "pending": [],
              "skipped": [],
              "duration": 251,
              "root": false,
              "rootEmpty": false,
              "_timeout": 2000
            },
            {
              "uuid": "31f9eb46-f6a6-48eb-8991-522153f17683",
              "title": "15 - Crie uma textarea com o id `textarea` e uma label com a classe `textarea` contendo o número máximo de caracteres igual à 500",
              "fullFile": "",
              "file": "",
              "beforeHooks": [],
              "afterHooks": [],
              "tests": [
                {
                  "title": "Uma label com a classe textarea e o texto \"Deixe seu comentário:\" deverá ser criado\" ",
                  "fullTitle": "Trybewarts 15 - Crie uma textarea com o id `textarea` e uma label com a classe `textarea` contendo o número máximo de caracteres igual à 500 Uma label com a classe textarea e o texto \"Deixe seu comentário:\" deverá ser criado\" ",
                  "timedOut": null,
                  "duration": 123,
                  "state": "passed",
                  "speed": "fast",
                  "pass": true,
                  "fail": false,
                  "pending": false,
                  "context": null,
                  "code": "cy.get('.textarea').contains(LABEL_TEXTAREA);",
                  "err": {},
                  "uuid": "95ae60b0-2d98-4c8d-b10b-f82a85f03284",
                  "parentUUID": "31f9eb46-f6a6-48eb-8991-522153f17683",
                  "isHook": false,
                  "skipped": false
                },
                {
                  "title": "O campo textarea deverá ter o máximo de 500 caracteres",
                  "fullTitle": "Trybewarts 15 - Crie uma textarea com o id `textarea` e uma label com a classe `textarea` contendo o número máximo de caracteres igual à 500 O campo textarea deverá ter o máximo de 500 caracteres",
                  "timedOut": null,
                  "duration": 11236,
                  "state": "passed",
                  "speed": "slow",
                  "pass": true,
                  "fail": false,
                  "pending": false,
                  "context": null,
                  "code": "cy.get('textarea').type('text'.repeat(200));\ncy.get('textarea').invoke('val').should(value => {\n  expect(value).to.match(/^[a-z]{500}$/);\n});",
                  "err": {},
                  "uuid": "7ec4d441-42a9-4459-910b-9de06eff6606",
                  "parentUUID": "31f9eb46-f6a6-48eb-8991-522153f17683",
                  "isHook": false,
                  "skipped": false
                }
              ],
              "suites": [],
              "passes": [
                "95ae60b0-2d98-4c8d-b10b-f82a85f03284",
                "7ec4d441-42a9-4459-910b-9de06eff6606"
              ],
              "failures": [],
              "pending": [],
              "skipped": [],
              "duration": 11359,
              "root": false,
              "rootEmpty": false,
              "_timeout": 2000
            },
            {
              "uuid": "a73f9d55-453a-4178-b5c8-dc4c36dc3675",
              "title": "16 - Crie um campo de entrada do tipo `checkbox` com o id `agreement` para validar as informações",
              "fullFile": "",
              "file": "",
              "beforeHooks": [],
              "afterHooks": [],
              "tests": [
                {
                  "title": "Uma label com o id \"label-infos\" deve possuir o texto \"Você concorda com o uso das informações acima?\"",
                  "fullTitle": "Trybewarts 16 - Crie um campo de entrada do tipo `checkbox` com o id `agreement` para validar as informações Uma label com o id \"label-infos\" deve possuir o texto \"Você concorda com o uso das informações acima?\"",
                  "timedOut": null,
                  "duration": 131,
                  "state": "passed",
                  "speed": "fast",
                  "pass": true,
                  "fail": false,
                  "pending": false,
                  "context": null,
                  "code": "cy.get('label#label-infos').should('exist').contains('Você concorda com o uso das informações acima?');",
                  "err": {},
                  "uuid": "43a6dbd3-84bd-406a-9e7a-f0df1675d623",
                  "parentUUID": "a73f9d55-453a-4178-b5c8-dc4c36dc3675",
                  "isHook": false,
                  "skipped": false
                },
                {
                  "title": "Um input do tipo checkbox deve existir e deve possuir o id \"agreement\"",
                  "fullTitle": "Trybewarts 16 - Crie um campo de entrada do tipo `checkbox` com o id `agreement` para validar as informações Um input do tipo checkbox deve existir e deve possuir o id \"agreement\"",
                  "timedOut": null,
                  "duration": 110,
                  "state": "passed",
                  "speed": "fast",
                  "pass": true,
                  "fail": false,
                  "pending": false,
                  "context": null,
                  "code": "cy.get('input#agreement[type=\"checkbox\"]').should('exist');",
                  "err": {},
                  "uuid": "dc42ed94-0a3a-4d3a-a579-19720ea4e6af",
                  "parentUUID": "a73f9d55-453a-4178-b5c8-dc4c36dc3675",
                  "isHook": false,
                  "skipped": false
                }
              ],
              "suites": [],
              "passes": [
                "43a6dbd3-84bd-406a-9e7a-f0df1675d623",
                "dc42ed94-0a3a-4d3a-a579-19720ea4e6af"
              ],
              "failures": [],
              "pending": [],
              "skipped": [],
              "duration": 241,
              "root": false,
              "rootEmpty": false,
              "_timeout": 2000
            },
            {
              "uuid": "e7de6c43-78ca-4a8f-98cb-11533ce7c49b",
              "title": "17 - Crie um botão de Enviar para submeter o formulário",
              "fullFile": "",
              "file": "",
              "beforeHooks": [],
              "afterHooks": [],
              "tests": [
                {
                  "title": "Deve existir um botão com o id \"submit-btn\" e o texto \"Enviar\"",
                  "fullTitle": "Trybewarts 17 - Crie um botão de Enviar para submeter o formulário Deve existir um botão com o id \"submit-btn\" e o texto \"Enviar\"",
                  "timedOut": null,
                  "duration": 124,
                  "state": "passed",
                  "speed": "fast",
                  "pass": true,
                  "fail": false,
                  "pending": false,
                  "context": null,
                  "code": "cy.get('button#submit-btn[type=\"submit\"]').should('exist').should('have.text', 'Enviar');",
                  "err": {},
                  "uuid": "a1216f7b-8c23-4add-87dc-5e54e6052451",
                  "parentUUID": "e7de6c43-78ca-4a8f-98cb-11533ce7c49b",
                  "isHook": false,
                  "skipped": false
                }
              ],
              "suites": [],
              "passes": [
                "a1216f7b-8c23-4add-87dc-5e54e6052451"
              ],
              "failures": [],
              "pending": [],
              "skipped": [],
              "duration": 124,
              "root": false,
              "rootEmpty": false,
              "_timeout": 2000
            },
            {
              "uuid": "dc18c9b6-c8d6-40fe-82fb-abb3671ecac9",
              "title": "18 - Faça com que o botão `Enviar` seja habilitado somente após a checkbox do requisito 16 ser selecionada",
              "fullFile": "",
              "file": "",
              "beforeHooks": [],
              "afterHooks": [],
              "tests": [
                {
                  "title": "O botão deve inicialmente estar desabilitado",
                  "fullTitle": "Trybewarts 18 - Faça com que o botão `Enviar` seja habilitado somente após a checkbox do requisito 16 ser selecionada O botão deve inicialmente estar desabilitado",
                  "timedOut": null,
                  "duration": 121,
                  "state": "passed",
                  "speed": "fast",
                  "pass": true,
                  "fail": false,
                  "pending": false,
                  "context": null,
                  "code": "cy.get('button#submit-btn').should('be.disabled');",
                  "err": {},
                  "uuid": "f24123c7-5daf-4cd3-98b3-d39adf12c446",
                  "parentUUID": "dc18c9b6-c8d6-40fe-82fb-abb3671ecac9",
                  "isHook": false,
                  "skipped": false
                },
                {
                  "title": "Ao marcar o campo de confirmação, o botão de Enviar deve ser habilitado",
                  "fullTitle": "Trybewarts 18 - Faça com que o botão `Enviar` seja habilitado somente após a checkbox do requisito 16 ser selecionada Ao marcar o campo de confirmação, o botão de Enviar deve ser habilitado",
                  "timedOut": null,
                  "duration": 227,
                  "state": "passed",
                  "speed": "fast",
                  "pass": true,
                  "fail": false,
                  "pending": false,
                  "context": null,
                  "code": "cy.get('input#agreement').check();\ncy.get('button#submit-btn').should('not.be.disabled');",
                  "err": {},
                  "uuid": "2df496ca-cf02-4394-8827-b97dcee708fe",
                  "parentUUID": "dc18c9b6-c8d6-40fe-82fb-abb3671ecac9",
                  "isHook": false,
                  "skipped": false
                }
              ],
              "suites": [],
              "passes": [
                "f24123c7-5daf-4cd3-98b3-d39adf12c446",
                "2df496ca-cf02-4394-8827-b97dcee708fe"
              ],
              "failures": [],
              "pending": [],
              "skipped": [],
              "duration": 348,
              "root": false,
              "rootEmpty": false,
              "_timeout": 2000
            },
            {
              "uuid": "3ab3c8df-68a4-44a5-9af3-c99066f71e36",
              "title": "19 - Crie um rodapé no final da página",
              "fullFile": "",
              "file": "",
              "beforeHooks": [],
              "afterHooks": [],
              "tests": [
                {
                  "title": "O rodapé deve conter o texto \"Direitos reservados à Trybewarts©\"",
                  "fullTitle": "Trybewarts 19 - Crie um rodapé no final da página O rodapé deve conter o texto \"Direitos reservados à Trybewarts©\"",
                  "timedOut": null,
                  "duration": 170,
                  "state": "passed",
                  "speed": "fast",
                  "pass": true,
                  "fail": false,
                  "pending": false,
                  "context": null,
                  "code": "cy.get('footer').should('exist').contains('Direitos reservados à Trybewarts©');",
                  "err": {},
                  "uuid": "6043d7d6-1f10-4c5d-b225-89d8de0932ca",
                  "parentUUID": "3ab3c8df-68a4-44a5-9af3-c99066f71e36",
                  "isHook": false,
                  "skipped": false
                }
              ],
              "suites": [],
              "passes": [
                "6043d7d6-1f10-4c5d-b225-89d8de0932ca"
              ],
              "failures": [],
              "pending": [],
              "skipped": [],
              "duration": 170,
              "root": false,
              "rootEmpty": false,
              "_timeout": 2000
            },
            {
              "uuid": "bdde8408-6f95-4cad-97d1-0e0375891226",
              "title": "20 - Crie um contador com o ID `counter` contendo o número de caracteres disponíveis no textarea, variando de 500 até 0, que deverá ser atualizado a medida que algo for digitado na textarea",
              "fullFile": "",
              "file": "",
              "beforeHooks": [],
              "afterHooks": [],
              "tests": [
                {
                  "title": "Deve existir um contador com o ID \"counter\"",
                  "fullTitle": "Trybewarts 20 - Crie um contador com o ID `counter` contendo o número de caracteres disponíveis no textarea, variando de 500 até 0, que deverá ser atualizado a medida que algo for digitado na textarea Deve existir um contador com o ID \"counter\"",
                  "timedOut": null,
                  "duration": 148,
                  "state": "passed",
                  "speed": "fast",
                  "pass": true,
                  "fail": false,
                  "pending": false,
                  "context": null,
                  "code": "cy.get('#counter').should('exist');",
                  "err": {},
                  "uuid": "4ecb3fd4-187a-4f52-a403-cbd08831abce",
                  "parentUUID": "bdde8408-6f95-4cad-97d1-0e0375891226",
                  "isHook": false,
                  "skipped": false
                },
                {
                  "title": "O contador de caracteres deve ser atualizado conforme o conteúdo do textarea muda.",
                  "fullTitle": "Trybewarts 20 - Crie um contador com o ID `counter` contendo o número de caracteres disponíveis no textarea, variando de 500 até 0, que deverá ser atualizado a medida que algo for digitado na textarea O contador de caracteres deve ser atualizado conforme o conteúdo do textarea muda.",
                  "timedOut": null,
                  "duration": 892,
                  "state": "passed",
                  "speed": "fast",
                  "pass": true,
                  "fail": false,
                  "pending": false,
                  "context": null,
                  "code": "cy.get('#counter').contains('500');\ncy.get('#textarea').type('Salve salve família');\ncy.get('#counter').contains('481');\ncy.get('#textarea').clear();\ncy.get('#counter').should('contain', '500');\ncy.get('#textarea').type('Salve salve');\ncy.get('#counter').should('contain', '489');",
                  "err": {},
                  "uuid": "42e29f00-7fad-4f27-94f2-7de4f3353065",
                  "parentUUID": "bdde8408-6f95-4cad-97d1-0e0375891226",
                  "isHook": false,
                  "skipped": false
                }
              ],
              "suites": [],
              "passes": [
                "4ecb3fd4-187a-4f52-a403-cbd08831abce",
                "42e29f00-7fad-4f27-94f2-7de4f3353065"
              ],
              "failures": [],
              "pending": [],
              "skipped": [],
              "duration": 1040,
              "root": false,
              "rootEmpty": false,
              "_timeout": 2000
            },
            {
              "uuid": "280888d1-a7cd-4017-9ff1-b0806c489960",
              "title": "21 - Faça com que ao clicar no botão `Enviar`, o conteúdo do formulário seja substituído pelas informações preenchidas",
              "fullFile": "",
              "file": "",
              "beforeHooks": [],
              "afterHooks": [],
              "tests": [
                {
                  "title": "Deve haver um texto no modelo \"Nome: John Doe\" (substitua John Doe pelo nome e sobrenome preenchido no formulário)",
                  "fullTitle": "Trybewarts 21 - Faça com que ao clicar no botão `Enviar`, o conteúdo do formulário seja substituído pelas informações preenchidas Deve haver um texto no modelo \"Nome: John Doe\" (substitua John Doe pelo nome e sobrenome preenchido no formulário)",
                  "timedOut": null,
                  "duration": 2038,
                  "state": "passed",
                  "speed": "fast",
                  "pass": true,
                  "fail": false,
                  "pending": false,
                  "context": null,
                  "code": "cy.get('#form-data').contains(`Nome: ${firstName} ${lastName}`);",
                  "err": {},
                  "uuid": "b96d93fe-0acd-40e3-a464-b104ca079703",
                  "parentUUID": "280888d1-a7cd-4017-9ff1-b0806c489960",
                  "isHook": false,
                  "skipped": false
                },
                {
                  "title": "Deve haver um texto no modelo \"Email: alguem@email.com\"",
                  "fullTitle": "Trybewarts 21 - Faça com que ao clicar no botão `Enviar`, o conteúdo do formulário seja substituído pelas informações preenchidas Deve haver um texto no modelo \"Email: alguem@email.com\"",
                  "timedOut": null,
                  "duration": 2026,
                  "state": "passed",
                  "speed": "fast",
                  "pass": true,
                  "fail": false,
                  "pending": false,
                  "context": null,
                  "code": "cy.get('#form-data').contains(`Email: ${email}`);",
                  "err": {},
                  "uuid": "68e457d1-2cb3-46dd-9d37-2c94f7f00147",
                  "parentUUID": "280888d1-a7cd-4017-9ff1-b0806c489960",
                  "isHook": false,
                  "skipped": false
                },
                {
                  "title": "Deve haver um texto no modelo \"Casa: -Casa marcada-\"",
                  "fullTitle": "Trybewarts 21 - Faça com que ao clicar no botão `Enviar`, o conteúdo do formulário seja substituído pelas informações preenchidas Deve haver um texto no modelo \"Casa: -Casa marcada-\"",
                  "timedOut": null,
                  "duration": 2107,
                  "state": "passed",
                  "speed": "fast",
                  "pass": true,
                  "fail": false,
                  "pending": false,
                  "context": null,
                  "code": "cy.get('#form-data').contains(`Casa: ${house}`);",
                  "err": {},
                  "uuid": "c103d9ab-54e9-418e-b004-e18f259a4c2d",
                  "parentUUID": "280888d1-a7cd-4017-9ff1-b0806c489960",
                  "isHook": false,
                  "skipped": false
                },
                {
                  "title": "Deve haver um texto no modelo \"Família: -Família marcada-\"",
                  "fullTitle": "Trybewarts 21 - Faça com que ao clicar no botão `Enviar`, o conteúdo do formulário seja substituído pelas informações preenchidas Deve haver um texto no modelo \"Família: -Família marcada-\"",
                  "timedOut": null,
                  "duration": 1964,
                  "state": "passed",
                  "speed": "fast",
                  "pass": true,
                  "fail": false,
                  "pending": false,
                  "context": null,
                  "code": "cy.get('#form-data').contains(`Família: ${family}`);",
                  "err": {},
                  "uuid": "9ea96712-bd05-49c7-b5ca-283f62b90def",
                  "parentUUID": "280888d1-a7cd-4017-9ff1-b0806c489960",
                  "isHook": false,
                  "skipped": false
                },
                {
                  "title": "Deve haver um texto no modelo \"Matérias: -Matérias marcadas-\"",
                  "fullTitle": "Trybewarts 21 - Faça com que ao clicar no botão `Enviar`, o conteúdo do formulário seja substituído pelas informações preenchidas Deve haver um texto no modelo \"Matérias: -Matérias marcadas-\"",
                  "timedOut": null,
                  "duration": 2052,
                  "state": "passed",
                  "speed": "fast",
                  "pass": true,
                  "fail": false,
                  "pending": false,
                  "context": null,
                  "code": "cy.get('#form-data').contains('Matérias: Jest, React, SQL');",
                  "err": {},
                  "uuid": "adda507e-760d-4345-8eee-11aaf373686c",
                  "parentUUID": "280888d1-a7cd-4017-9ff1-b0806c489960",
                  "isHook": false,
                  "skipped": false
                },
                {
                  "title": "Deve haver um texto no modelo \"Avaliação: -Nota marcada-\"",
                  "fullTitle": "Trybewarts 21 - Faça com que ao clicar no botão `Enviar`, o conteúdo do formulário seja substituído pelas informações preenchidas Deve haver um texto no modelo \"Avaliação: -Nota marcada-\"",
                  "timedOut": null,
                  "duration": 1979,
                  "state": "passed",
                  "speed": "fast",
                  "pass": true,
                  "fail": false,
                  "pending": false,
                  "context": null,
                  "code": "cy.get('#form-data').contains(`Avaliação: ${rate}`);",
                  "err": {},
                  "uuid": "dff1a5b4-bc7d-4a21-a5eb-0dce341a5623",
                  "parentUUID": "280888d1-a7cd-4017-9ff1-b0806c489960",
                  "isHook": false,
                  "skipped": false
                },
                {
                  "title": "Deve haver um texto no modelo \"Observações: -Texto preenchido-\"",
                  "fullTitle": "Trybewarts 21 - Faça com que ao clicar no botão `Enviar`, o conteúdo do formulário seja substituído pelas informações preenchidas Deve haver um texto no modelo \"Observações: -Texto preenchido-\"",
                  "timedOut": null,
                  "duration": 2127,
                  "state": "passed",
                  "speed": "fast",
                  "pass": true,
                  "fail": false,
                  "pending": false,
                  "context": null,
                  "code": "cy.get('#form-data').contains(`Observações: ${observation}`);",
                  "err": {},
                  "uuid": "ce3d7f4d-1674-407f-b4eb-8c92f2f6c789",
                  "parentUUID": "280888d1-a7cd-4017-9ff1-b0806c489960",
                  "isHook": false,
                  "skipped": false
                },
                {
                  "title": "Ao enviar as informações, o formulário deve ser substituído pelas informações da pessoa usuária",
                  "fullTitle": "Trybewarts 21 - Faça com que ao clicar no botão `Enviar`, o conteúdo do formulário seja substituído pelas informações preenchidas Ao enviar as informações, o formulário deve ser substituído pelas informações da pessoa usuária",
                  "timedOut": null,
                  "duration": 2165,
                  "state": "passed",
                  "speed": "fast",
                  "pass": true,
                  "fail": false,
                  "pending": false,
                  "context": null,
                  "code": "cy.get('#evaluation-form').should('not.be.visible');",
                  "err": {},
                  "uuid": "cb71c4a9-0522-44cc-9ddb-7371901d3f94",
                  "parentUUID": "280888d1-a7cd-4017-9ff1-b0806c489960",
                  "isHook": false,
                  "skipped": false
                }
              ],
              "suites": [],
              "passes": [
                "b96d93fe-0acd-40e3-a464-b104ca079703",
                "68e457d1-2cb3-46dd-9d37-2c94f7f00147",
                "c103d9ab-54e9-418e-b004-e18f259a4c2d",
                "9ea96712-bd05-49c7-b5ca-283f62b90def",
                "adda507e-760d-4345-8eee-11aaf373686c",
                "dff1a5b4-bc7d-4a21-a5eb-0dce341a5623",
                "ce3d7f4d-1674-407f-b4eb-8c92f2f6c789",
                "cb71c4a9-0522-44cc-9ddb-7371901d3f94"
              ],
              "failures": [],
              "pending": [],
              "skipped": [],
              "duration": 16458,
              "root": false,
              "rootEmpty": false,
              "_timeout": 2000
            }
          ],
          "passes": [],
          "failures": [],
          "pending": [],
          "skipped": [],
          "duration": 0,
          "root": false,
          "rootEmpty": false,
          "_timeout": 2000
        }
      ],
      "passes": [],
      "failures": [],
      "pending": [],
      "skipped": [],
      "duration": 0,
      "root": true,
      "rootEmpty": true,
      "_timeout": 2000
    }
  ],
  "meta": {
    "mocha": {
      "version": "7.0.1"
    },
    "mochawesome": {
      "options": {
        "quiet": false,
        "reportFilename": "mochawesome",
        "saveHtml": false,
        "saveJson": true,
        "consoleReporter": "spec",
        "useInlineDiffs": false,
        "code": true
      },
      "version": "6.2.2"
    },
    "marge": {
      "options": {
        "id": "default",
        "reportDir": "cypress/reports",
        "overwrite": false,
        "html": false,
        "json": true
      },
      "version": "5.2.0"
    }
  }
}